# JRE version: Java(TM) SE Runtime Environment (10.0.2+13) (build 10.0.2+13)
# Java VM: Java HotSpot(TM) 64-Bit Server VM (10.0.2+13, mixed mode, tiered, compressed oops, g1 gc, bsd-amd64)
Heap:
 garbage-first heap   total 262144K, used 21985K [0x00000006c0000000, 0x00000007c0000000)
  region size 1024K, 7 young (7168K), 5 survivors (5120K)
 Metaspace       used 26955K, capacity 27547K, committed 28032K, reserved 1075200K
  class space    used 2842K, capacity 3145K, committed 3200K, reserved 1048576K
GC Heap History (6 events):
Event: 1.461 GC heap before
{Heap before GC invocations=0 (full 0):
 garbage-first heap   total 262144K, used 17408K [0x00000006c0000000, 0x00000007c0000000)
  region size 1024K, 18 young (18432K), 0 survivors (0K)
 Metaspace       used 20457K, capacity 20942K, committed 21296K, reserved 1069056K
  class space    used 2125K, capacity 2369K, committed 2432K, reserved 1048576K
}
Event: 1.468 GC heap after
{Heap after GC invocations=1 (full 0):
 garbage-first heap   total 262144K, used 4283K [0x00000006c0000000, 0x00000007c0000000)
  region size 1024K, 3 young (3072K), 3 survivors (3072K)
 Metaspace       used 20457K, capacity 20942K, committed 21296K, reserved 1069056K
  class space    used 2125K, capacity 2369K, committed 2432K, reserved 1048576K
}
Event: 2553.818 GC heap before
{Heap before GC invocations=2 (full 0):
 garbage-first heap   total 262144K, used 35003K [0x00000006c0000000, 0x00000007c0000000)
  region size 1024K, 25 young (25600K), 3 survivors (3072K)
 Metaspace       used 26489K, capacity 27064K, committed 27520K, reserved 1073152K
  class space    used 2816K, capacity 3112K, committed 3200K, reserved 1048576K
}
Event: 2553.829 GC heap after
{Heap after GC invocations=3 (full 0):
 garbage-first heap   total 262144K, used 22128K [0x00000006c0000000, 0x00000007c0000000)
  region size 1024K, 4 young (4096K), 4 survivors (4096K)
 Metaspace       used 26489K, capacity 27064K, committed 27520K, reserved 1073152K
  class space    used 2816K, capacity 3112K, committed 3200K, reserved 1048576K
}
Event: 3131.253 GC heap before
{Heap before GC invocations=3 (full 0):
 garbage-first heap   total 262144K, used 54896K [0x00000006c0000000, 0x00000007c0000000)
  region size 1024K, 36 young (36864K), 4 survivors (4096K)
 Metaspace       used 26954K, capacity 27547K, committed 28032K, reserved 1075200K
  class space    used 2842K, capacity 3145K, committed 3200K, reserved 1048576K
}
Event: 3131.259 GC heap after
{Heap after GC invocations=4 (full 0):
 garbage-first heap   total 262144K, used 20961K [0x00000006c0000000, 0x00000007c0000000)
  region size 1024K, 5 young (5120K), 5 survivors (5120K)
 Metaspace       used 26954K, capacity 27547K, committed 28032K, reserved 1075200K
  class space    used 2842K, capacity 3145K, committed 3200K, reserved 1048576K
}

